{"name":"Successfull login with vallid credentials","status":"broken","statusDetails":{"known":false,"muted":false,"flaky":false,"message":"Unable to obtain: chromedriver, error chromedriver must be a regular file: C:\\Users\\Teja-OUNCE\\OneDrive - proounce.com\\Documents\\GitHub\\prj231001CucumberBDD\\src\\test\\resources\\files\nFor documentation on this error, please visit: https://www.selenium.dev/documentation/webdriver/troubleshooting/errors/driver_location/\nBuild info: version: '4.21.0', revision: '79ed462ef4'\nSystem info: os.name: 'Windows 11', os.arch: 'amd64', os.version: '10.0', java.version: '17.0.10'\nDriver info: driver.version: ChromeDriver","trace":"org.openqa.selenium.remote.NoSuchDriverException: Unable to obtain: chromedriver, error chromedriver must be a regular file: C:\\Users\\Teja-OUNCE\\OneDrive - proounce.com\\Documents\\GitHub\\prj231001CucumberBDD\\src\\test\\resources\\files\nFor documentation on this error, please visit: https://www.selenium.dev/documentation/webdriver/troubleshooting/errors/driver_location/\nBuild info: version: '4.21.0', revision: '79ed462ef4'\nSystem info: os.name: 'Windows 11', os.arch: 'amd64', os.version: '10.0', java.version: '17.0.10'\nDriver info: driver.version: ChromeDriver\r\n\tat org.openqa.selenium.remote.service.DriverFinder.getBinaryPaths(DriverFinder.java:121)\r\n\tat org.openqa.selenium.remote.service.DriverFinder.getDriverPath(DriverFinder.java:55)\r\n\tat org.openqa.selenium.chrome.ChromeDriver.generateExecutor(ChromeDriver.java:99)\r\n\tat org.openqa.selenium.chrome.ChromeDriver.<init>(ChromeDriver.java:88)\r\n\tat org.openqa.selenium.chrome.ChromeDriver.<init>(ChromeDriver.java:83)\r\n\tat org.openqa.selenium.chrome.ChromeDriver.<init>(ChromeDriver.java:51)\r\n\tat com.flc.utils.DriverFactory.getDriver(DriverFactory.java:17)\r\n\tat com.flc.stepDefinition.Hook.setUp(Hook.java:18)\r\nCaused by: java.lang.IllegalStateException: chromedriver must be a regular file: C:\\Users\\Teja-OUNCE\\OneDrive - proounce.com\\Documents\\GitHub\\prj231001CucumberBDD\\src\\test\\resources\\files\r\n\tat org.openqa.selenium.internal.Require$FileStateChecker.isFile(Require.java:349)\r\n\tat org.openqa.selenium.internal.Require$FileStateChecker.isExecutable(Require.java:368)\r\n\tat org.openqa.selenium.remote.service.DriverFinder.getBinaryPaths(DriverFinder.java:118)\r\n\tat org.openqa.selenium.remote.service.DriverFinder.getDriverPath(DriverFinder.java:55)\r\n\tat org.openqa.selenium.chrome.ChromeDriver.generateExecutor(ChromeDriver.java:99)\r\n\tat org.openqa.selenium.chrome.ChromeDriver.<init>(ChromeDriver.java:88)\r\n\tat org.openqa.selenium.chrome.ChromeDriver.<init>(ChromeDriver.java:83)\r\n\tat org.openqa.selenium.chrome.ChromeDriver.<init>(ChromeDriver.java:51)\r\n\tat com.flc.utils.DriverFactory.getDriver(DriverFactory.java:17)\r\n\tat com.flc.stepDefinition.Hook.setUp(Hook.java:18)\r\n\tat java.base/jdk.internal.reflect.NativeMethodAccessorImpl.invoke0(Native Method)\r\n\tat java.base/jdk.internal.reflect.NativeMethodAccessorImpl.invoke(NativeMethodAccessorImpl.java:77)\r\n\tat java.base/jdk.internal.reflect.DelegatingMethodAccessorImpl.invoke(DelegatingMethodAccessorImpl.java:43)\r\n\tat java.base/java.lang.reflect.Method.invoke(Method.java:568)\r\n\tat io.cucumber.java.Invoker.doInvoke(Invoker.java:66)\r\n\tat io.cucumber.java.Invoker.invoke(Invoker.java:24)\r\n\tat io.cucumber.java.AbstractGlueDefinition.invokeMethod(AbstractGlueDefinition.java:47)\r\n\tat io.cucumber.java.JavaHookDefinition.execute(JavaHookDefinition.java:64)\r\n\tat io.cucumber.core.runner.CoreHookDefinition.execute(CoreHookDefinition.java:46)\r\n\tat io.cucumber.core.runner.HookDefinitionMatch.runStep(HookDefinitionMatch.java:21)\r\n\tat io.cucumber.core.runner.ExecutionMode$1.execute(ExecutionMode.java:10)\r\n\tat io.cucumber.core.runner.TestStep.executeStep(TestStep.java:84)\r\n\tat io.cucumber.core.runner.TestStep.run(TestStep.java:56)\r\n\tat io.cucumber.core.runner.TestCase.run(TestCase.java:78)\r\n\tat io.cucumber.core.runner.Runner.runPickle(Runner.java:75)\r\n\tat io.cucumber.junit.PickleRunners$NoStepDescriptions.lambda$run$0(PickleRunners.java:151)\r\n\tat io.cucumber.core.runtime.CucumberExecutionContext.lambda$runTestCase$5(CucumberExecutionContext.java:137)\r\n\tat io.cucumber.core.runtime.RethrowingThrowableCollector.executeAndThrow(RethrowingThrowableCollector.java:23)\r\n\tat io.cucumber.core.runtime.CucumberExecutionContext.runTestCase(CucumberExecutionContext.java:137)\r\n\tat io.cucumber.junit.PickleRunners$NoStepDescriptions.run(PickleRunners.java:148)\r\n\tat io.cucumber.junit.FeatureRunner.runChild(FeatureRunner.java:144)\r\n\tat io.cucumber.junit.FeatureRunner.runChild(FeatureRunner.java:28)\r\n\tat org.junit.runners.ParentRunner$4.run(ParentRunner.java:331)\r\n\tat org.junit.runners.ParentRunner$1.schedule(ParentRunner.java:79)\r\n\tat org.junit.runners.ParentRunner.runChildren(ParentRunner.java:329)\r\n\tat org.junit.runners.ParentRunner.access$100(ParentRunner.java:66)\r\n\tat org.junit.runners.ParentRunner$2.evaluate(ParentRunner.java:293)\r\n\tat org.junit.runners.ParentRunner$3.evaluate(ParentRunner.java:306)\r\n\tat org.junit.runners.ParentRunner.run(ParentRunner.java:413)\r\n\tat io.cucumber.junit.FeatureRunner.run(FeatureRunner.java:137)\r\n\tat io.cucumber.junit.Cucumber.runChild(Cucumber.java:196)\r\n\tat io.cucumber.junit.Cucumber.runChild(Cucumber.java:89)\r\n\tat org.junit.runners.ParentRunner$4.run(ParentRunner.java:331)\r\n\tat org.junit.runners.ParentRunner$1.schedule(ParentRunner.java:79)\r\n\tat org.junit.runners.ParentRunner.runChildren(ParentRunner.java:329)\r\n\tat org.junit.runners.ParentRunner.access$100(ParentRunner.java:66)\r\n\tat org.junit.runners.ParentRunner$2.evaluate(ParentRunner.java:293)\r\n\tat io.cucumber.core.runtime.CucumberExecutionContext.lambda$runFeatures$6(CucumberExecutionContext.java:148)\r\n\tat io.cucumber.core.runtime.CucumberExecutionContext.execute(CucumberExecutionContext.java:163)\r\n\tat io.cucumber.core.runtime.CucumberExecutionContext.runFeatures(CucumberExecutionContext.java:146)\r\n\tat io.cucumber.junit.Cucumber$StartAndFinishTestRun.evaluate(Cucumber.java:226)\r\n\tat org.junit.runners.ParentRunner$3.evaluate(ParentRunner.java:306)\r\n\tat org.junit.runners.ParentRunner.run(ParentRunner.java:413)\r\n\tat org.eclipse.jdt.internal.junit4.runner.JUnit4TestReference.run(JUnit4TestReference.java:93)\r\n\tat org.eclipse.jdt.internal.junit.runner.TestExecution.run(TestExecution.java:40)\r\n\tat org.eclipse.jdt.internal.junit.runner.RemoteTestRunner.runTests(RemoteTestRunner.java:529)\r\n\tat org.eclipse.jdt.internal.junit.runner.RemoteTestRunner.runTests(RemoteTestRunner.java:757)\r\n\tat org.eclipse.jdt.internal.junit.runner.RemoteTestRunner.run(RemoteTestRunner.java:452)\r\n\tat org.eclipse.jdt.internal.junit.runner.RemoteTestRunner.main(RemoteTestRunner.java:210)\r\n"},"stage":"finished","steps":[{"name":"Given User launch URL","status":"skipped","statusDetails":{"known":false,"muted":false,"flaky":false},"stage":"finished","steps":[],"attachments":[],"parameters":[],"start":1719249714769,"stop":1719249714774},{"name":"When User enters username and password","status":"skipped","statusDetails":{"known":false,"muted":false,"flaky":false},"stage":"finished","steps":[],"attachments":[],"parameters":[],"start":1719249714775,"stop":1719249714776},{"name":"And User clicks on login button","status":"skipped","statusDetails":{"known":false,"muted":false,"flaky":false},"stage":"finished","steps":[],"attachments":[],"parameters":[],"start":1719249714776,"stop":1719249714776},{"name":"Then Dashboard should display","status":"skipped","statusDetails":{"known":false,"muted":false,"flaky":false},"stage":"finished","steps":[],"attachments":[],"parameters":[],"start":1719249714777,"stop":1719249714783},{"name":"When User clicks on profile picture","status":"skipped","statusDetails":{"known":false,"muted":false,"flaky":false},"stage":"finished","steps":[],"attachments":[],"parameters":[],"start":1719249714784,"stop":1719249714784},{"name":"And Select logout from options","status":"skipped","statusDetails":{"known":false,"muted":false,"flaky":false},"stage":"finished","steps":[],"attachments":[],"parameters":[],"start":1719249714784,"stop":1719249714785},{"name":"Then User will logout","status":"skipped","statusDetails":{"known":false,"muted":false,"flaky":false},"stage":"finished","steps":[],"attachments":[],"parameters":[],"start":1719249714786,"stop":1719249714787}],"attachments":[],"parameters":[],"start":1719249714563,"stop":1719249714803,"uuid":"7361ad55-6a56-42a9-80df-a7ee6a546cd4","historyId":"b548d3db4bf1b8359c1655e94ad16cc2","testCaseId":"4964948eeda6d34c3afd00cad7c9225d","fullName":"///C:/Users/Teja-OUNCE/git/repository/prj231001CucumberBDD/src/test/resources/features/Login.feature:3","labels":[{"name":"host","value":"Tej-ounce"},{"name":"thread","value":"33144@Tej-ounce.main(1)"},{"name":"feature","value":"Testing login functionality"},{"name":"story","value":"Successfull login with vallid credentials"},{"name":"suite","value":"Testing login functionality"},{"name":"testClass","value":"Successfull login with vallid credentials"},{"name":"framework","value":"cucumber4jvm"},{"name":"language","value":"java"},{"name":"gherkin_uri","value":"file:///C:/Users/Teja-OUNCE/git/repository/prj231001CucumberBDD/src/test/resources/features/Login.feature"},{"name":"package","value":"C:.Users.Teja-OUNCE.git.repository.prj231001CucumberBDD.src.test.resources.features.Login_feature.Testing login functionality"}],"links":[]}