{"uid":"f42ade0667883c88","name":"Check upload and validation of UF net activity tab files","fullName":"src/test/resources/features/DataSources.feature:12","historyId":"be7833569c9adce9f850b73d0a6e998c","time":{"start":1719937858088,"stop":1719937891367,"duration":33279},"status":"broken","statusMessage":"Unable to find element with locator By.xpath: //*[@id='single-spa-application:@flc/fiveyearplan-app']/div/div[4]/div/div/div[2]/div[2]/div/div/div[1]/div/div[3]/button\nFor documentation on this error, please visit: https://www.selenium.dev/documentation/webdriver/troubleshooting/errors#no-such-element-exception\nBuild info: version: '4.22.0', revision: 'c5f3146703*'\nSystem info: os.name: 'Windows 11', os.arch: 'amd64', os.version: '10.0', java.version: '17.0.11'\nDriver info: driver.version: RemoteWebDriver","statusTrace":"org.openqa.selenium.NoSuchElementException: Unable to find element with locator By.xpath: //*[@id='single-spa-application:@flc/fiveyearplan-app']/div/div[4]/div/div/div[2]/div[2]/div/div/div[1]/div/div[3]/button\nFor documentation on this error, please visit: https://www.selenium.dev/documentation/webdriver/troubleshooting/errors#no-such-element-exception\nBuild info: version: '4.22.0', revision: 'c5f3146703*'\nSystem info: os.name: 'Windows 11', os.arch: 'amd64', os.version: '10.0', java.version: '17.0.11'\nDriver info: driver.version: RemoteWebDriver\r\n\tat org.openqa.selenium.remote.ElementLocation$ElementFinder$2.findElement(ElementLocation.java:168)\r\n\tat org.openqa.selenium.remote.ElementLocation.findElement(ElementLocation.java:59)\r\n\tat org.openqa.selenium.remote.RemoteWebDriver.findElement(RemoteWebDriver.java:355)\r\n\tat org.openqa.selenium.remote.RemoteWebDriver.findElement(RemoteWebDriver.java:349)\r\n\tat org.openqa.selenium.support.pagefactory.DefaultElementLocator.findElement(DefaultElementLocator.java:68)\r\n\tat org.openqa.selenium.support.pagefactory.internal.LocatingElementHandler.invoke(LocatingElementHandler.java:38)\r\n\tat jdk.proxy2/jdk.proxy2.$Proxy28.click(Unknown Source)\r\n\tat com.flc.pageObject.DataSourcesObject.clickOutsideUpload(DataSourcesObject.java:155)\r\n\tat com.flc.stepDefinition.DataSourcesStep.user_clicks_on_upload_button(DataSourcesStep.java:32)\r\n\tat ✽.User clicks on upload button(file:///C:/Proounce%20Project/prj23001_FiveYearPlan/src/test/resources/features/DataSources.feature:14)\r\n","flaky":false,"newFailed":false,"newBroken":false,"newPassed":false,"retriesCount":0,"retriesStatusChange":false,"beforeStages":[{"name":"com.flc.stepDefinition.Hook.setUp()","time":{"start":1719937858100,"stop":1719937860805,"duration":2705},"status":"passed","steps":[],"attachments":[],"parameters":[],"shouldDisplayMessage":false,"attachmentsCount":0,"stepsCount":0,"attachmentStep":false,"hasContent":false}],"testStage":{"status":"broken","statusMessage":"Unable to find element with locator By.xpath: //*[@id='single-spa-application:@flc/fiveyearplan-app']/div/div[4]/div/div/div[2]/div[2]/div/div/div[1]/div/div[3]/button\nFor documentation on this error, please visit: https://www.selenium.dev/documentation/webdriver/troubleshooting/errors#no-such-element-exception\nBuild info: version: '4.22.0', revision: 'c5f3146703*'\nSystem info: os.name: 'Windows 11', os.arch: 'amd64', os.version: '10.0', java.version: '17.0.11'\nDriver info: driver.version: RemoteWebDriver","statusTrace":"org.openqa.selenium.NoSuchElementException: Unable to find element with locator By.xpath: //*[@id='single-spa-application:@flc/fiveyearplan-app']/div/div[4]/div/div/div[2]/div[2]/div/div/div[1]/div/div[3]/button\nFor documentation on this error, please visit: https://www.selenium.dev/documentation/webdriver/troubleshooting/errors#no-such-element-exception\nBuild info: version: '4.22.0', revision: 'c5f3146703*'\nSystem info: os.name: 'Windows 11', os.arch: 'amd64', os.version: '10.0', java.version: '17.0.11'\nDriver info: driver.version: RemoteWebDriver\r\n\tat org.openqa.selenium.remote.ElementLocation$ElementFinder$2.findElement(ElementLocation.java:168)\r\n\tat org.openqa.selenium.remote.ElementLocation.findElement(ElementLocation.java:59)\r\n\tat org.openqa.selenium.remote.RemoteWebDriver.findElement(RemoteWebDriver.java:355)\r\n\tat org.openqa.selenium.remote.RemoteWebDriver.findElement(RemoteWebDriver.java:349)\r\n\tat org.openqa.selenium.support.pagefactory.DefaultElementLocator.findElement(DefaultElementLocator.java:68)\r\n\tat org.openqa.selenium.support.pagefactory.internal.LocatingElementHandler.invoke(LocatingElementHandler.java:38)\r\n\tat jdk.proxy2/jdk.proxy2.$Proxy28.click(Unknown Source)\r\n\tat com.flc.pageObject.DataSourcesObject.clickOutsideUpload(DataSourcesObject.java:155)\r\n\tat com.flc.stepDefinition.DataSourcesStep.user_clicks_on_upload_button(DataSourcesStep.java:32)\r\n\tat ✽.User clicks on upload button(file:///C:/Proounce%20Project/prj23001_FiveYearPlan/src/test/resources/features/DataSources.feature:14)\r\n","steps":[{"name":"Given User launch URL","time":{"start":1719937860949,"stop":1719937866340,"duration":5391},"status":"passed","steps":[],"attachments":[],"parameters":[],"shouldDisplayMessage":false,"attachmentsCount":0,"stepsCount":0,"attachmentStep":false,"hasContent":false},{"name":"When User enters username and password","time":{"start":1719937866341,"stop":1719937866855,"duration":514},"status":"passed","steps":[],"attachments":[],"parameters":[],"shouldDisplayMessage":false,"attachmentsCount":0,"stepsCount":0,"attachmentStep":false,"hasContent":false},{"name":"And User clicks on login button","time":{"start":1719937866856,"stop":1719937866987,"duration":131},"status":"passed","steps":[],"attachments":[],"parameters":[],"shouldDisplayMessage":false,"attachmentsCount":0,"stepsCount":0,"attachmentStep":false,"hasContent":false},{"name":"Then Dashboard should display","time":{"start":1719937866988,"stop":1719937870090,"duration":3102},"status":"passed","steps":[],"attachments":[],"parameters":[],"shouldDisplayMessage":false,"attachmentsCount":0,"stepsCount":0,"attachmentStep":false,"hasContent":false},{"name":"When User clicks on five year plan button","time":{"start":1719937870091,"stop":1719937878207,"duration":8116},"status":"passed","steps":[],"attachments":[],"parameters":[],"shouldDisplayMessage":false,"attachmentsCount":0,"stepsCount":0,"attachmentStep":false,"hasContent":false},{"name":"And User click on data sources","time":{"start":1719937878207,"stop":1719937881346,"duration":3139},"status":"passed","steps":[],"attachments":[],"parameters":[],"shouldDisplayMessage":false,"attachmentsCount":0,"stepsCount":0,"attachmentStep":false,"hasContent":false},{"name":"Then User on UF net activity tab","time":{"start":1719937881348,"stop":1719937881497,"duration":149},"status":"passed","steps":[],"attachments":[],"parameters":[],"shouldDisplayMessage":false,"attachmentsCount":0,"stepsCount":0,"attachmentStep":false,"hasContent":false},{"name":"When User clicks on upload button","time":{"start":1719937881497,"stop":1719937891286,"duration":9789},"status":"broken","statusMessage":"Unable to find element with locator By.xpath: //*[@id='single-spa-application:@flc/fiveyearplan-app']/div/div[4]/div/div/div[2]/div[2]/div/div/div[1]/div/div[3]/button\nFor documentation on this error, please visit: https://www.selenium.dev/documentation/webdriver/troubleshooting/errors#no-such-element-exception\nBuild info: version: '4.22.0', revision: 'c5f3146703*'\nSystem info: os.name: 'Windows 11', os.arch: 'amd64', os.version: '10.0', java.version: '17.0.11'\nDriver info: driver.version: RemoteWebDriver","statusTrace":"org.openqa.selenium.NoSuchElementException: Unable to find element with locator By.xpath: //*[@id='single-spa-application:@flc/fiveyearplan-app']/div/div[4]/div/div/div[2]/div[2]/div/div/div[1]/div/div[3]/button\nFor documentation on this error, please visit: https://www.selenium.dev/documentation/webdriver/troubleshooting/errors#no-such-element-exception\nBuild info: version: '4.22.0', revision: 'c5f3146703*'\nSystem info: os.name: 'Windows 11', os.arch: 'amd64', os.version: '10.0', java.version: '17.0.11'\nDriver info: driver.version: RemoteWebDriver\r\n\tat org.openqa.selenium.remote.ElementLocation$ElementFinder$2.findElement(ElementLocation.java:168)\r\n\tat org.openqa.selenium.remote.ElementLocation.findElement(ElementLocation.java:59)\r\n\tat org.openqa.selenium.remote.RemoteWebDriver.findElement(RemoteWebDriver.java:355)\r\n\tat org.openqa.selenium.remote.RemoteWebDriver.findElement(RemoteWebDriver.java:349)\r\n\tat org.openqa.selenium.support.pagefactory.DefaultElementLocator.findElement(DefaultElementLocator.java:68)\r\n\tat org.openqa.selenium.support.pagefactory.internal.LocatingElementHandler.invoke(LocatingElementHandler.java:38)\r\n\tat jdk.proxy2/jdk.proxy2.$Proxy28.click(Unknown Source)\r\n\tat com.flc.pageObject.DataSourcesObject.clickOutsideUpload(DataSourcesObject.java:155)\r\n\tat com.flc.stepDefinition.DataSourcesStep.user_clicks_on_upload_button(DataSourcesStep.java:32)\r\n\tat ✽.User clicks on upload button(file:///C:/Proounce%20Project/prj23001_FiveYearPlan/src/test/resources/features/DataSources.feature:14)\r\n","steps":[],"attachments":[],"parameters":[],"shouldDisplayMessage":true,"attachmentsCount":0,"stepsCount":0,"attachmentStep":false,"hasContent":true},{"name":"And User upload word document","time":{"start":1719937891288,"stop":1719937891290,"duration":2},"status":"skipped","steps":[],"attachments":[],"parameters":[],"shouldDisplayMessage":false,"attachmentsCount":0,"stepsCount":0,"attachmentStep":false,"hasContent":false},{"name":"Then Document should not accept","time":{"start":1719937891291,"stop":1719937891291,"duration":0},"status":"skipped","steps":[],"attachments":[],"parameters":[],"shouldDisplayMessage":false,"attachmentsCount":0,"stepsCount":0,"attachmentStep":false,"hasContent":false},{"name":"When User upload excel file","time":{"start":1719937891292,"stop":1719937891292,"duration":0},"status":"skipped","steps":[],"attachments":[],"parameters":[],"shouldDisplayMessage":false,"attachmentsCount":0,"stepsCount":0,"attachmentStep":false,"hasContent":false},{"name":"Then Documnet will upload succesfully","time":{"start":1719937891292,"stop":1719937891293,"duration":1},"status":"skipped","steps":[],"attachments":[],"parameters":[],"shouldDisplayMessage":false,"attachmentsCount":0,"stepsCount":0,"attachmentStep":false,"hasContent":false},{"name":"When User validate UF net activity document","time":{"start":1719937891293,"stop":1719937891293,"duration":0},"status":"skipped","steps":[],"attachments":[],"parameters":[],"shouldDisplayMessage":false,"attachmentsCount":0,"stepsCount":0,"attachmentStep":false,"hasContent":false},{"name":"Then User get logout","time":{"start":1719937891294,"stop":1719937891294,"duration":0},"status":"skipped","steps":[],"attachments":[],"parameters":[],"shouldDisplayMessage":false,"attachmentsCount":0,"stepsCount":0,"attachmentStep":false,"hasContent":false}],"attachments":[],"parameters":[],"shouldDisplayMessage":false,"attachmentsCount":0,"stepsCount":14,"attachmentStep":false,"hasContent":true},"afterStages":[{"name":"com.flc.stepDefinition.Hook.tearDown(io.cucumber.java.Scenario)","time":{"start":1719937891295,"stop":1719937891323,"duration":28},"status":"broken","statusMessage":"no such window: target window already closed\nfrom unknown error: web view not found\n  (Session info: MicrosoftEdge=126.0.2592.81)\nBuild info: version: '4.22.0', revision: 'c5f3146703*'\nSystem info: os.name: 'Windows 11', os.arch: 'amd64', os.version: '10.0', java.version: '17.0.11'\nDriver info: org.openqa.selenium.edge.EdgeDriver\nCommand: [2b3a1b0751d31fd302852d302e52f74f, screenshot {}]\nCapabilities {acceptInsecureCerts: false, browserName: MicrosoftEdge, browserVersion: 126.0.2592.81, fedcm:accounts: true, ms:edgeOptions: {debuggerAddress: localhost:50142}, msedge: {msedgedriverVersion: 126.0.2592.81 (38151611195b..., userDataDir: C:\\Users\\pro9_ind\\AppData\\L...}, networkConnectionEnabled: false, pageLoadStrategy: normal, platformName: windows, proxy: Proxy(), se:cdp: ws://localhost:50142/devtoo..., se:cdpVersion: 126.0.2592.81, setWindowRect: true, strictFileInteractability: false, timeouts: {implicit: 0, pageLoad: 300000, script: 30000}, unhandledPromptBehavior: dismiss and notify, webauthn:extension:credBlob: true, webauthn:extension:largeBlob: true, webauthn:extension:minPinLength: true, webauthn:extension:prf: true, webauthn:virtualAuthenticators: true}\nSession ID: 2b3a1b0751d31fd302852d302e52f74f","statusTrace":"org.openqa.selenium.NoSuchWindowException: no such window: target window already closed\nfrom unknown error: web view not found\n  (Session info: MicrosoftEdge=126.0.2592.81)\nBuild info: version: '4.22.0', revision: 'c5f3146703*'\nSystem info: os.name: 'Windows 11', os.arch: 'amd64', os.version: '10.0', java.version: '17.0.11'\nDriver info: org.openqa.selenium.edge.EdgeDriver\nCommand: [2b3a1b0751d31fd302852d302e52f74f, screenshot {}]\nCapabilities {acceptInsecureCerts: false, browserName: MicrosoftEdge, browserVersion: 126.0.2592.81, fedcm:accounts: true, ms:edgeOptions: {debuggerAddress: localhost:50142}, msedge: {msedgedriverVersion: 126.0.2592.81 (38151611195b..., userDataDir: C:\\Users\\pro9_ind\\AppData\\L...}, networkConnectionEnabled: false, pageLoadStrategy: normal, platformName: windows, proxy: Proxy(), se:cdp: ws://localhost:50142/devtoo..., se:cdpVersion: 126.0.2592.81, setWindowRect: true, strictFileInteractability: false, timeouts: {implicit: 0, pageLoad: 300000, script: 30000}, unhandledPromptBehavior: dismiss and notify, webauthn:extension:credBlob: true, webauthn:extension:largeBlob: true, webauthn:extension:minPinLength: true, webauthn:extension:prf: true, webauthn:virtualAuthenticators: true}\nSession ID: 2b3a1b0751d31fd302852d302e52f74f\r\n\tat java.base/jdk.internal.reflect.NativeConstructorAccessorImpl.newInstance0(Native Method)\r\n\tat java.base/jdk.internal.reflect.NativeConstructorAccessorImpl.newInstance(NativeConstructorAccessorImpl.java:77)\r\n\tat java.base/jdk.internal.reflect.DelegatingConstructorAccessorImpl.newInstance(DelegatingConstructorAccessorImpl.java:45)\r\n\tat java.base/java.lang.reflect.Constructor.newInstanceWithCaller(Constructor.java:499)\r\n\tat java.base/java.lang.reflect.Constructor.newInstance(Constructor.java:480)\r\n\tat org.openqa.selenium.remote.ErrorCodec.decode(ErrorCodec.java:167)\r\n\tat org.openqa.selenium.remote.codec.w3c.W3CHttpResponseCodec.decode(W3CHttpResponseCodec.java:138)\r\n\tat org.openqa.selenium.remote.codec.w3c.W3CHttpResponseCodec.decode(W3CHttpResponseCodec.java:50)\r\n\tat org.openqa.selenium.remote.HttpCommandExecutor.execute(HttpCommandExecutor.java:190)\r\n\tat org.openqa.selenium.remote.service.DriverCommandExecutor.invokeExecute(DriverCommandExecutor.java:216)\r\n\tat org.openqa.selenium.remote.service.DriverCommandExecutor.execute(DriverCommandExecutor.java:174)\r\n\tat org.openqa.selenium.remote.RemoteWebDriver.execute(RemoteWebDriver.java:518)\r\n\tat org.openqa.selenium.remote.RemoteWebDriver.execute(RemoteWebDriver.java:591)\r\n\tat org.openqa.selenium.remote.RemoteWebDriver.execute(RemoteWebDriver.java:595)\r\n\tat org.openqa.selenium.remote.RemoteWebDriver.getScreenshotAs(RemoteWebDriver.java:321)\r\n\tat com.flc.stepDefinition.Hook.tearDown(Hook.java:26)\r\n","steps":[],"attachments":[],"parameters":[],"shouldDisplayMessage":true,"attachmentsCount":0,"stepsCount":0,"attachmentStep":false,"hasContent":true}],"labels":[{"name":"tag","value":"UFNetActivity"},{"name":"host","value":"Proounce_Ind"},{"name":"thread","value":"1460@Proounce_Ind.main(1)"},{"name":"feature","value":"Testing data sources tabs"},{"name":"story","value":"Check upload and validation of UF net activity tab files"},{"name":"suite","value":"Testing data sources tabs"},{"name":"testClass","value":"Check upload and validation of UF net activity tab files"},{"name":"framework","value":"cucumber4jvm"},{"name":"language","value":"java"},{"name":"gherkin_uri","value":"file:///C:/Proounce%20Project/prj23001_FiveYearPlan/src/test/resources/features/DataSources.feature"},{"name":"package","value":"src.test.resources.features.DataSources_feature.Testing data sources tabs"},{"name":"resultFormat","value":"allure2"}],"parameters":[],"links":[],"hidden":true,"retry":true,"extra":{"categories":[],"tags":["UFNetActivity"]},"source":"f42ade0667883c88.json","parameterValues":[]}